2022-05-26 20:59:16 [http-nio-8080-exec-2] ERROR o.s.s.OpenApiController - [callMethod,121] - “µŒÒ“Ï≥££∫’“≤ªµΩ÷∏∂®µƒopeapi¥¶¿Ì∆˜
2022-05-26 21:02:51 [http-nio-8080-exec-1] ERROR o.s.s.OpenApiController - [callMethod,121] - “µŒÒ“Ï≥££∫’“≤ªµΩ÷∏∂®µƒopeapi¥¶¿Ì∆˜
2022-05-26 21:03:44 [main] ERROR o.s.b.d.LoggingFailureAnalysisReporter - [report,40] - 

***************************
APPLICATION FAILED TO START
***************************

Description:

Web server failed to start. Port 8080 was already in use.

Action:

Identify and stop the process that's listening on port 8080 or configure this application to listen on another port.

2022-05-26 21:05:07 [http-nio-8080-exec-1] ERROR o.s.s.OpenApiController - [callMethod,121] - “µŒÒ“Ï≥££∫’“≤ªµΩ÷∏∂®µƒopeapi¥¶¿Ì∆˜
2022-05-26 21:06:23 [main] ERROR o.s.b.d.LoggingFailureAnalysisReporter - [report,40] - 

***************************
APPLICATION FAILED TO START
***************************

Description:

Web server failed to start. Port 8080 was already in use.

Action:

Identify and stop the process that's listening on port 8080 or configure this application to listen on another port.

2022-05-26 21:07:41 [http-nio-8080-exec-1] ERROR o.s.s.OpenApiController - [callMethod,121] - “µŒÒ“Ï≥££∫’“≤ªµΩ÷∏∂®µƒopeapi¥¶¿Ì∆˜
2022-05-26 21:09:45 [http-nio-8080-exec-2] ERROR o.s.s.OpenApiController - [callMethod,121] - “µŒÒ“Ï≥££∫’“≤ªµΩ÷∏∂®µƒopeapi¥¶¿Ì∆˜
2022-05-26 21:11:10 [http-nio-8080-exec-1] ERROR o.s.s.OpenApiController - [callMethod,121] - “µŒÒ“Ï≥££∫’“≤ªµΩ÷∏∂®µƒopeapi¥¶¿Ì∆˜
2022-05-26 21:14:36 [main] ERROR o.s.b.d.LoggingFailureAnalysisReporter - [report,40] - 

***************************
APPLICATION FAILED TO START
***************************

Description:

Web server failed to start. Port 8080 was already in use.

Action:

Identify and stop the process that's listening on port 8080 or configure this application to listen on another port.

2022-05-26 21:15:18 [http-nio-8080-exec-2] ERROR o.s.s.OpenApiController - [callMethod,121] - “µŒÒ“Ï≥££∫’“≤ªµΩ÷∏∂®µƒopeapi¥¶¿Ì∆˜
2022-05-26 21:18:36 [http-nio-8080-exec-6] ERROR o.s.s.OpenApiController - [callMethod,121] - “µŒÒ“Ï≥££∫’“≤ªµΩ÷∏∂®µƒopeapi¥¶¿Ì∆˜
2022-05-26 21:22:50 [main] ERROR o.s.b.SpringApplication - [reportFailure,834] - Application run failed
java.lang.IllegalStateException: Logback configuration error detected: 
ERROR in ch.qos.logback.core.joran.spi.Interpreter@17:18 - no applicable action for [charset], current ElementPath  is [[configuration][appender][charset]]
	at org.springframework.boot.logging.logback.LogbackLoggingSystem.loadConfiguration(LogbackLoggingSystem.java:169)
	at org.springframework.boot.logging.logback.LogbackLoggingSystem.reinitialize(LogbackLoggingSystem.java:222)
	at org.springframework.boot.logging.AbstractLoggingSystem.initializeWithConventions(AbstractLoggingSystem.java:73)
	at org.springframework.boot.logging.AbstractLoggingSystem.initialize(AbstractLoggingSystem.java:60)
	at org.springframework.boot.logging.logback.LogbackLoggingSystem.initialize(LogbackLoggingSystem.java:118)
	at org.springframework.boot.context.logging.LoggingApplicationListener.initializeSystem(LoggingApplicationListener.java:306)
	at org.springframework.boot.context.logging.LoggingApplicationListener.initialize(LoggingApplicationListener.java:281)
	at org.springframework.boot.context.logging.LoggingApplicationListener.onApplicationEnvironmentPreparedEvent(LoggingApplicationListener.java:239)
	at org.springframework.boot.context.logging.LoggingApplicationListener.onApplicationEvent(LoggingApplicationListener.java:216)
	at org.springframework.context.event.SimpleApplicationEventMulticaster.doInvokeListener(SimpleApplicationEventMulticaster.java:172)
	at org.springframework.context.event.SimpleApplicationEventMulticaster.invokeListener(SimpleApplicationEventMulticaster.java:165)
	at org.springframework.context.event.SimpleApplicationEventMulticaster.multicastEvent(SimpleApplicationEventMulticaster.java:139)
	at org.springframework.context.event.SimpleApplicationEventMulticaster.multicastEvent(SimpleApplicationEventMulticaster.java:127)
	at org.springframework.boot.context.event.EventPublishingRunListener.environmentPrepared(EventPublishingRunListener.java:80)
	at org.springframework.boot.SpringApplicationRunListeners.environmentPrepared(SpringApplicationRunListeners.java:53)
	at org.springframework.boot.SpringApplication.prepareEnvironment(SpringApplication.java:342)
	at org.springframework.boot.SpringApplication.run(SpringApplication.java:307)
	at org.springframework.boot.SpringApplication.run(SpringApplication.java:1247)
	at org.springframework.boot.SpringApplication.run(SpringApplication.java:1236)
	at openapi.client.ClientApplication.main(ClientApplication.java:32)
2022-05-26 21:23:42 [main] ERROR o.s.b.SpringApplication - [reportFailure,834] - Application run failed
java.lang.IllegalStateException: Logback configuration error detected: 
ERROR in ch.qos.logback.core.joran.spi.Interpreter@17:18 - no applicable action for [charset], current ElementPath  is [[configuration][appender][charset]]
	at org.springframework.boot.logging.logback.LogbackLoggingSystem.loadConfiguration(LogbackLoggingSystem.java:169)
	at org.springframework.boot.logging.logback.LogbackLoggingSystem.reinitialize(LogbackLoggingSystem.java:222)
	at org.springframework.boot.logging.AbstractLoggingSystem.initializeWithConventions(AbstractLoggingSystem.java:73)
	at org.springframework.boot.logging.AbstractLoggingSystem.initialize(AbstractLoggingSystem.java:60)
	at org.springframework.boot.logging.logback.LogbackLoggingSystem.initialize(LogbackLoggingSystem.java:118)
	at org.springframework.boot.context.logging.LoggingApplicationListener.initializeSystem(LoggingApplicationListener.java:306)
	at org.springframework.boot.context.logging.LoggingApplicationListener.initialize(LoggingApplicationListener.java:281)
	at org.springframework.boot.context.logging.LoggingApplicationListener.onApplicationEnvironmentPreparedEvent(LoggingApplicationListener.java:239)
	at org.springframework.boot.context.logging.LoggingApplicationListener.onApplicationEvent(LoggingApplicationListener.java:216)
	at org.springframework.context.event.SimpleApplicationEventMulticaster.doInvokeListener(SimpleApplicationEventMulticaster.java:172)
	at org.springframework.context.event.SimpleApplicationEventMulticaster.invokeListener(SimpleApplicationEventMulticaster.java:165)
	at org.springframework.context.event.SimpleApplicationEventMulticaster.multicastEvent(SimpleApplicationEventMulticaster.java:139)
	at org.springframework.context.event.SimpleApplicationEventMulticaster.multicastEvent(SimpleApplicationEventMulticaster.java:127)
	at org.springframework.boot.context.event.EventPublishingRunListener.environmentPrepared(EventPublishingRunListener.java:80)
	at org.springframework.boot.SpringApplicationRunListeners.environmentPrepared(SpringApplicationRunListeners.java:53)
	at org.springframework.boot.SpringApplication.prepareEnvironment(SpringApplication.java:342)
	at org.springframework.boot.SpringApplication.run(SpringApplication.java:307)
	at org.springframework.boot.SpringApplication.run(SpringApplication.java:1247)
	at org.springframework.boot.SpringApplication.run(SpringApplication.java:1236)
	at openapi.client.ClientApplication.main(ClientApplication.java:32)
2022-05-26 21:24:40 [http-nio-8080-exec-1] ERROR o.s.s.OpenApiController - [callMethod,121] - ‰∏öÂä°ÂºÇÂ∏∏ÔºöÊâæ‰∏çÂà∞ÊåáÂÆöÁöÑopeapiÂ§ÑÁêÜÂô®
2022-05-26 21:26:08 [main] ERROR o.s.b.d.LoggingFailureAnalysisReporter - [report,40] - 

***************************
APPLICATION FAILED TO START
***************************

Description:

Web server failed to start. Port 8888 was already in use.

Action:

Identify and stop the process that's listening on port 8888 or configure this application to listen on another port.

2022-05-26 21:26:41 [main] ERROR o.s.b.d.LoggingFailureAnalysisReporter - [report,40] - 

***************************
APPLICATION FAILED TO START
***************************

Description:

Web server failed to start. Port 8080 was already in use.

Action:

Identify and stop the process that's listening on port 8080 or configure this application to listen on another port.

2022-05-26 21:27:59 [http-nio-8080-exec-1] ERROR o.s.s.OpenApiController - [callMethod,121] - ‰∏öÂä°ÂºÇÂ∏∏ÔºöÊâæ‰∏çÂà∞ÊåáÂÆöÁöÑopeapiÂ§ÑÁêÜÂô®
2022-05-26 21:27:59 [main] ERROR o.c.ClientApplication - [main,46] - ÂºÇÂ∏∏
openapi.sdk.common.model.BusinessException: Ë∞ÉÁî®openapiÂºÇÂ∏∏:Êâæ‰∏çÂà∞ÊåáÂÆöÁöÑopeapiÂ§ÑÁêÜÂô®
	at openapi.client.sdk.OpenApiClient.doCall(OpenApiClient.java:130)
	at openapi.client.sdk.OpenApiClient.callOpenApi(OpenApiClient.java:67)
	at openapi.client.ClientApplication.main(ClientApplication.java:43)
2022-05-26 21:31:22 [http-nio-8080-exec-1] ERROR o.s.s.OpenApiGateway - [callMethod,118] - ‰∏öÂä°ÂºÇÂ∏∏ÔºöÊâæ‰∏çÂà∞ÊåáÂÆöÁöÑopeapiÂ§ÑÁêÜÂô®
2022-05-26 21:35:29 [http-nio-8080-exec-1] ERROR o.s.s.OpenApiGateway - [callMethod,118] - È™åÁ≠æÂ§±Ë¥•
2022-05-26 21:35:29 [main] ERROR o.c.ClientApplication - [main,46] - ÂºÇÂ∏∏
openapi.sdk.common.model.BusinessException: Ë∞ÉÁî®openapiÂºÇÂ∏∏:È™åÁ≠æÂ§±Ë¥•
	at openapi.client.sdk.OpenApiClient.doCall(OpenApiClient.java:130)
	at openapi.client.sdk.OpenApiClient.callOpenApi(OpenApiClient.java:67)
	at openapi.client.ClientApplication.main(ClientApplication.java:43)
2022-05-26 21:41:15 [http-nio-8080-exec-3] ERROR o.s.s.OpenApiGateway - [callMethod,118] - È™åÁ≠æÂ§±Ë¥•
2022-05-26 21:41:15 [main] ERROR o.c.ClientApplication - [main,45] - ÂºÇÂ∏∏
openapi.sdk.common.model.BusinessException: Ë∞ÉÁî®openapiÂºÇÂ∏∏:È™åÁ≠æÂ§±Ë¥•
	at openapi.client.sdk.OpenApiClient.doCall(OpenApiClient.java:130)
	at openapi.client.sdk.OpenApiClient.callOpenApi(OpenApiClient.java:67)
	at openapi.client.ClientApplication.main(ClientApplication.java:42)
2022-05-26 21:43:24 [http-nio-8080-exec-6] ERROR o.s.s.OpenApiGateway - [callMethod,118] - È™åÁ≠æÂ§±Ë¥•
2022-05-26 21:43:24 [main] ERROR o.c.ClientApplication - [main,45] - ÂºÇÂ∏∏
openapi.sdk.common.model.BusinessException: Ë∞ÉÁî®openapiÂºÇÂ∏∏:È™åÁ≠æÂ§±Ë¥•
	at openapi.client.sdk.OpenApiClient.doCall(OpenApiClient.java:130)
	at openapi.client.sdk.OpenApiClient.callOpenApi(OpenApiClient.java:67)
	at openapi.client.ClientApplication.main(ClientApplication.java:42)
2022-05-26 21:49:42 [http-nio-8080-exec-8] ERROR o.s.s.OpenApiGateway - [callMethod,118] - È™åÁ≠æÂ§±Ë¥•
2022-05-26 21:49:42 [main] ERROR o.c.ClientApplication - [main,47] - ÂºÇÂ∏∏
openapi.sdk.common.model.BusinessException: Ë∞ÉÁî®openapiÂºÇÂ∏∏:È™åÁ≠æÂ§±Ë¥•
	at openapi.client.sdk.OpenApiClient.doCall(OpenApiClient.java:130)
	at openapi.client.sdk.OpenApiClient.callOpenApi(OpenApiClient.java:67)
	at openapi.client.ClientApplication.main(ClientApplication.java:44)
2022-05-26 21:54:21 [http-nio-8080-exec-10] ERROR o.s.s.OpenApiGateway - [callMethod,118] - È™åÁ≠æÂ§±Ë¥•
2022-05-26 21:54:21 [main] ERROR o.c.ClientApplication - [main,51] - ÂºÇÂ∏∏
openapi.sdk.common.model.BusinessException: Ë∞ÉÁî®openapiÂºÇÂ∏∏:È™åÁ≠æÂ§±Ë¥•
	at openapi.client.sdk.OpenApiClient.doCall(OpenApiClient.java:130)
	at openapi.client.sdk.OpenApiClient.callOpenApi(OpenApiClient.java:67)
	at openapi.client.ClientApplication.main(ClientApplication.java:48)
2022-05-26 21:55:24 [http-nio-8080-exec-1] ERROR o.s.s.OpenApiGateway - [callMethod,118] - È™åÁ≠æÂ§±Ë¥•
2022-05-26 21:55:24 [main] ERROR o.c.ClientApplication - [main,52] - ÂºÇÂ∏∏
openapi.sdk.common.model.BusinessException: Ë∞ÉÁî®openapiÂºÇÂ∏∏:È™åÁ≠æÂ§±Ë¥•
	at openapi.client.sdk.OpenApiClient.doCall(OpenApiClient.java:130)
	at openapi.client.sdk.OpenApiClient.callOpenApi(OpenApiClient.java:67)
	at openapi.client.ClientApplication.main(ClientApplication.java:49)
2022-05-26 21:57:19 [http-nio-8080-exec-3] ERROR o.s.s.OpenApiGateway - [callMethod,118] - È™åÁ≠æÂ§±Ë¥•
2022-05-26 21:57:19 [main] ERROR o.c.ClientApplication - [main,51] - ÂºÇÂ∏∏
openapi.sdk.common.model.BusinessException: Ë∞ÉÁî®openapiÂºÇÂ∏∏:È™åÁ≠æÂ§±Ë¥•
	at openapi.client.sdk.OpenApiClient.doCall(OpenApiClient.java:130)
	at openapi.client.sdk.OpenApiClient.callOpenApi(OpenApiClient.java:67)
	at openapi.client.ClientApplication.main(ClientApplication.java:48)
2022-05-26 22:01:25 [http-nio-8080-exec-6] ERROR o.s.s.OpenApiGateway - [callMethod,118] - È™åÁ≠æÂ§±Ë¥•
2022-05-26 22:01:25 [main] ERROR o.c.OpenApiCallTest - [call,41] - ÂºÇÂ∏∏
openapi.sdk.common.model.BusinessException: Ë∞ÉÁî®openapiÂºÇÂ∏∏:È™åÁ≠æÂ§±Ë¥•
	at openapi.client.sdk.OpenApiClient.doCall(OpenApiClient.java:130)
	at openapi.client.sdk.OpenApiClient.callOpenApi(OpenApiClient.java:67)
	at openapi.client.OpenApiCallTest.call(OpenApiCallTest.java:38)
	at openapi.client.ClientApplication.main(ClientApplication.java:31)
2022-05-26 22:02:45 [http-nio-8080-exec-8] ERROR o.s.s.OpenApiGateway - [callMethod,118] - È™åÁ≠æÂ§±Ë¥•
2022-05-26 22:02:45 [main] ERROR o.c.UserApiClient - [call,41] - ÂºÇÂ∏∏
openapi.sdk.common.model.BusinessException: Ë∞ÉÁî®openapiÂºÇÂ∏∏:È™åÁ≠æÂ§±Ë¥•
	at openapi.client.sdk.OpenApiClient.doCall(OpenApiClient.java:130)
	at openapi.client.sdk.OpenApiClient.callOpenApi(OpenApiClient.java:67)
	at openapi.client.UserApiClient.call(UserApiClient.java:38)
	at openapi.client.ClientApplication.main(ClientApplication.java:22)
2022-05-26 22:06:35 [http-nio-8080-exec-10] ERROR o.s.s.OpenApiGateway - [callMethod,118] - È™åÁ≠æÂ§±Ë¥•
2022-05-26 22:06:35 [main] ERROR o.c.UserApiClient - [call,41] - ÂºÇÂ∏∏
openapi.sdk.common.model.BusinessException: Ë∞ÉÁî®openapiÂºÇÂ∏∏:È™åÁ≠æÂ§±Ë¥•
	at openapi.client.sdk.OpenApiClient.doCall(OpenApiClient.java:130)
	at openapi.client.sdk.OpenApiClient.callOpenApi(OpenApiClient.java:67)
	at openapi.client.UserApiClient.call(UserApiClient.java:38)
	at openapi.client.ClientApplication.main(ClientApplication.java:22)
2022-05-26 22:19:39 [http-nio-8080-exec-1] ERROR o.s.s.OpenApiGateway - [callMethod,118] - È™åÁ≠æÂ§±Ë¥•
2022-05-26 22:19:42 [main] ERROR o.c.UserApiClient - [call,41] - ÂºÇÂ∏∏
openapi.sdk.common.model.BusinessException: Ë∞ÉÁî®openapiÂºÇÂ∏∏:È™åÁ≠æÂ§±Ë¥•
	at openapi.client.sdk.OpenApiClient.doCall(OpenApiClient.java:130)
	at openapi.client.sdk.OpenApiClient.callOpenApi(OpenApiClient.java:67)
	at openapi.client.UserApiClient.call(UserApiClient.java:38)
	at openapi.client.ClientApplication.main(ClientApplication.java:22)
2022-05-26 22:22:32 [http-nio-8080-exec-1] ERROR o.s.s.OpenApiGateway - [getParam,191] - ÂÖ•ÂèÇËΩ¨Êç¢ÂºÇÂ∏∏
cn.hutool.json.JSONException: A JSONObject text must begin with '{' at 1 [character 2 line 1]
	at cn.hutool.json.JSONTokener.syntaxError(JSONTokener.java:396)
	at cn.hutool.json.JSONObject.init(JSONObject.java:737)
	at cn.hutool.json.JSONObject.init(JSONObject.java:724)
	at cn.hutool.json.JSONObject.init(JSONObject.java:680)
	at cn.hutool.json.JSONObject.<init>(JSONObject.java:218)
	at cn.hutool.json.JSONObject.<init>(JSONObject.java:193)
	at cn.hutool.json.JSONObject.<init>(JSONObject.java:175)
	at cn.hutool.json.JSONObject.<init>(JSONObject.java:158)
	at cn.hutool.json.JSONUtil.parseObj(JSONUtil.java:89)
	at cn.hutool.json.JSONUtil.toBean(JSONUtil.java:425)
	at openapi.server.sdk.OpenApiGateway.getParam(OpenApiGateway.java:189)
	at openapi.server.sdk.OpenApiGateway.callMethod(OpenApiGateway.java:113)
	at sun.reflect.NativeMethodAccessorImpl.invoke0(Native Method)
	at sun.reflect.NativeMethodAccessorImpl.invoke(NativeMethodAccessorImpl.java:62)
	at sun.reflect.DelegatingMethodAccessorImpl.invoke(DelegatingMethodAccessorImpl.java:43)
	at java.lang.reflect.Method.invoke(Method.java:498)
	at org.springframework.web.method.support.InvocableHandlerMethod.doInvoke(InvocableHandlerMethod.java:190)
	at org.springframework.web.method.support.InvocableHandlerMethod.invokeForRequest(InvocableHandlerMethod.java:138)
	at org.springframework.web.servlet.mvc.method.annotation.ServletInvocableHandlerMethod.invokeAndHandle(ServletInvocableHandlerMethod.java:105)
	at org.springframework.web.servlet.mvc.method.annotation.RequestMappingHandlerAdapter.invokeHandlerMethod(RequestMappingHandlerAdapter.java:878)
	at org.springframework.web.servlet.mvc.method.annotation.RequestMappingHandlerAdapter.handleInternal(RequestMappingHandlerAdapter.java:792)
	at org.springframework.web.servlet.mvc.method.AbstractHandlerMethodAdapter.handle(AbstractHandlerMethodAdapter.java:87)
	at org.springframework.web.servlet.DispatcherServlet.doDispatch(DispatcherServlet.java:1040)
	at org.springframework.web.servlet.DispatcherServlet.doService(DispatcherServlet.java:943)
	at org.springframework.web.servlet.FrameworkServlet.processRequest(FrameworkServlet.java:1006)
	at org.springframework.web.servlet.FrameworkServlet.doPost(FrameworkServlet.java:909)
	at javax.servlet.http.HttpServlet.service(HttpServlet.java:652)
	at org.springframework.web.servlet.FrameworkServlet.service(FrameworkServlet.java:883)
	at javax.servlet.http.HttpServlet.service(HttpServlet.java:733)
	at org.apache.catalina.core.ApplicationFilterChain.internalDoFilter(ApplicationFilterChain.java:227)
	at org.apache.catalina.core.ApplicationFilterChain.doFilter(ApplicationFilterChain.java:162)
	at org.apache.tomcat.websocket.server.WsFilter.doFilter(WsFilter.java:53)
	at org.apache.catalina.core.ApplicationFilterChain.internalDoFilter(ApplicationFilterChain.java:189)
	at org.apache.catalina.core.ApplicationFilterChain.doFilter(ApplicationFilterChain.java:162)
	at org.springframework.web.filter.RequestContextFilter.doFilterInternal(RequestContextFilter.java:100)
	at org.springframework.web.filter.OncePerRequestFilter.doFilter(OncePerRequestFilter.java:119)
	at org.apache.catalina.core.ApplicationFilterChain.internalDoFilter(ApplicationFilterChain.java:189)
	at org.apache.catalina.core.ApplicationFilterChain.doFilter(ApplicationFilterChain.java:162)
	at org.springframework.web.filter.FormContentFilter.doFilterInternal(FormContentFilter.java:93)
	at org.springframework.web.filter.OncePerRequestFilter.doFilter(OncePerRequestFilter.java:119)
	at org.apache.catalina.core.ApplicationFilterChain.internalDoFilter(ApplicationFilterChain.java:189)
	at org.apache.catalina.core.ApplicationFilterChain.doFilter(ApplicationFilterChain.java:162)
	at org.springframework.web.filter.CharacterEncodingFilter.doFilterInternal(CharacterEncodingFilter.java:201)
	at org.springframework.web.filter.OncePerRequestFilter.doFilter(OncePerRequestFilter.java:119)
	at org.apache.catalina.core.ApplicationFilterChain.internalDoFilter(ApplicationFilterChain.java:189)
	at org.apache.catalina.core.ApplicationFilterChain.doFilter(ApplicationFilterChain.java:162)
	at org.apache.catalina.core.StandardWrapperValve.invoke(StandardWrapperValve.java:202)
	at org.apache.catalina.core.StandardContextValve.invoke(StandardContextValve.java:97)
	at org.apache.catalina.authenticator.AuthenticatorBase.invoke(AuthenticatorBase.java:542)
	at org.apache.catalina.core.StandardHostValve.invoke(StandardHostValve.java:143)
	at org.apache.catalina.valves.ErrorReportValve.invoke(ErrorReportValve.java:92)
	at org.apache.catalina.core.StandardEngineValve.invoke(StandardEngineValve.java:78)
	at org.apache.catalina.connector.CoyoteAdapter.service(CoyoteAdapter.java:357)
	at org.apache.coyote.http11.Http11Processor.service(Http11Processor.java:374)
	at org.apache.coyote.AbstractProcessorLight.process(AbstractProcessorLight.java:65)
	at org.apache.coyote.AbstractProtocol$ConnectionHandler.process(AbstractProtocol.java:893)
	at org.apache.tomcat.util.net.NioEndpoint$SocketProcessor.doRun(NioEndpoint.java:1707)
	at org.apache.tomcat.util.net.SocketProcessorBase.run(SocketProcessorBase.java:49)
	at java.util.concurrent.ThreadPoolExecutor.runWorker(ThreadPoolExecutor.java:1149)
	at java.util.concurrent.ThreadPoolExecutor$Worker.run(ThreadPoolExecutor.java:624)
	at org.apache.tomcat.util.threads.TaskThread$WrappingRunnable.run(TaskThread.java:61)
	at java.lang.Thread.run(Thread.java:748)
2022-05-26 22:22:32 [http-nio-8080-exec-1] ERROR o.s.s.OpenApiGateway - [callMethod,118] - ÂÖ•ÂèÇËΩ¨Êç¢ÂºÇÂ∏∏
2022-05-26 22:22:32 [main] ERROR o.c.UserApiClient - [call,41] - ÂºÇÂ∏∏
openapi.sdk.common.model.BusinessException: Ë∞ÉÁî®openapiÂºÇÂ∏∏:ÂÖ•ÂèÇËΩ¨Êç¢ÂºÇÂ∏∏
	at openapi.client.sdk.OpenApiClient.doCall(OpenApiClient.java:130)
	at openapi.client.sdk.OpenApiClient.callOpenApi(OpenApiClient.java:67)
	at openapi.client.UserApiClient.call(UserApiClient.java:38)
	at openapi.client.ClientApplication.main(ClientApplication.java:22)
2022-05-26 23:00:56 [http-nio-8080-exec-1] ERROR o.s.s.OpenApiGateway - [getParam,217] - ÂÖ•ÂèÇËΩ¨Êç¢ÂºÇÂ∏∏
java.lang.InstantiationException: java.lang.Long
	at java.lang.Class.newInstance(Class.java:427)
	at openapi.server.sdk.OpenApiGateway.getParam(OpenApiGateway.java:189)
	at openapi.server.sdk.OpenApiGateway.callMethod(OpenApiGateway.java:110)
	at sun.reflect.NativeMethodAccessorImpl.invoke0(Native Method)
	at sun.reflect.NativeMethodAccessorImpl.invoke(NativeMethodAccessorImpl.java:62)
	at sun.reflect.DelegatingMethodAccessorImpl.invoke(DelegatingMethodAccessorImpl.java:43)
	at java.lang.reflect.Method.invoke(Method.java:498)
	at org.springframework.web.method.support.InvocableHandlerMethod.doInvoke(InvocableHandlerMethod.java:190)
	at org.springframework.web.method.support.InvocableHandlerMethod.invokeForRequest(InvocableHandlerMethod.java:138)
	at org.springframework.web.servlet.mvc.method.annotation.ServletInvocableHandlerMethod.invokeAndHandle(ServletInvocableHandlerMethod.java:105)
	at org.springframework.web.servlet.mvc.method.annotation.RequestMappingHandlerAdapter.invokeHandlerMethod(RequestMappingHandlerAdapter.java:878)
	at org.springframework.web.servlet.mvc.method.annotation.RequestMappingHandlerAdapter.handleInternal(RequestMappingHandlerAdapter.java:792)
	at org.springframework.web.servlet.mvc.method.AbstractHandlerMethodAdapter.handle(AbstractHandlerMethodAdapter.java:87)
	at org.springframework.web.servlet.DispatcherServlet.doDispatch(DispatcherServlet.java:1040)
	at org.springframework.web.servlet.DispatcherServlet.doService(DispatcherServlet.java:943)
	at org.springframework.web.servlet.FrameworkServlet.processRequest(FrameworkServlet.java:1006)
	at org.springframework.web.servlet.FrameworkServlet.doPost(FrameworkServlet.java:909)
	at javax.servlet.http.HttpServlet.service(HttpServlet.java:652)
	at org.springframework.web.servlet.FrameworkServlet.service(FrameworkServlet.java:883)
	at javax.servlet.http.HttpServlet.service(HttpServlet.java:733)
	at org.apache.catalina.core.ApplicationFilterChain.internalDoFilter(ApplicationFilterChain.java:227)
	at org.apache.catalina.core.ApplicationFilterChain.doFilter(ApplicationFilterChain.java:162)
	at org.apache.tomcat.websocket.server.WsFilter.doFilter(WsFilter.java:53)
	at org.apache.catalina.core.ApplicationFilterChain.internalDoFilter(ApplicationFilterChain.java:189)
	at org.apache.catalina.core.ApplicationFilterChain.doFilter(ApplicationFilterChain.java:162)
	at org.springframework.web.filter.RequestContextFilter.doFilterInternal(RequestContextFilter.java:100)
	at org.springframework.web.filter.OncePerRequestFilter.doFilter(OncePerRequestFilter.java:119)
	at org.apache.catalina.core.ApplicationFilterChain.internalDoFilter(ApplicationFilterChain.java:189)
	at org.apache.catalina.core.ApplicationFilterChain.doFilter(ApplicationFilterChain.java:162)
	at org.springframework.web.filter.FormContentFilter.doFilterInternal(FormContentFilter.java:93)
	at org.springframework.web.filter.OncePerRequestFilter.doFilter(OncePerRequestFilter.java:119)
	at org.apache.catalina.core.ApplicationFilterChain.internalDoFilter(ApplicationFilterChain.java:189)
	at org.apache.catalina.core.ApplicationFilterChain.doFilter(ApplicationFilterChain.java:162)
	at org.springframework.web.filter.CharacterEncodingFilter.doFilterInternal(CharacterEncodingFilter.java:201)
	at org.springframework.web.filter.OncePerRequestFilter.doFilter(OncePerRequestFilter.java:119)
	at org.apache.catalina.core.ApplicationFilterChain.internalDoFilter(ApplicationFilterChain.java:189)
	at org.apache.catalina.core.ApplicationFilterChain.doFilter(ApplicationFilterChain.java:162)
	at org.apache.catalina.core.StandardWrapperValve.invoke(StandardWrapperValve.java:202)
	at org.apache.catalina.core.StandardContextValve.invoke(StandardContextValve.java:97)
	at org.apache.catalina.authenticator.AuthenticatorBase.invoke(AuthenticatorBase.java:542)
	at org.apache.catalina.core.StandardHostValve.invoke(StandardHostValve.java:143)
	at org.apache.catalina.valves.ErrorReportValve.invoke(ErrorReportValve.java:92)
	at org.apache.catalina.core.StandardEngineValve.invoke(StandardEngineValve.java:78)
	at org.apache.catalina.connector.CoyoteAdapter.service(CoyoteAdapter.java:357)
	at org.apache.coyote.http11.Http11Processor.service(Http11Processor.java:374)
	at org.apache.coyote.AbstractProcessorLight.process(AbstractProcessorLight.java:65)
	at org.apache.coyote.AbstractProtocol$ConnectionHandler.process(AbstractProtocol.java:893)
	at org.apache.tomcat.util.net.NioEndpoint$SocketProcessor.doRun(NioEndpoint.java:1707)
	at org.apache.tomcat.util.net.SocketProcessorBase.run(SocketProcessorBase.java:49)
	at java.util.concurrent.ThreadPoolExecutor.runWorker(ThreadPoolExecutor.java:1149)
	at java.util.concurrent.ThreadPoolExecutor$Worker.run(ThreadPoolExecutor.java:624)
	at org.apache.tomcat.util.threads.TaskThread$WrappingRunnable.run(TaskThread.java:61)
	at java.lang.Thread.run(Thread.java:748)
Caused by: java.lang.NoSuchMethodException: java.lang.Long.<init>()
	at java.lang.Class.getConstructor0(Class.java:3082)
	at java.lang.Class.newInstance(Class.java:412)
	... 52 common frames omitted
2022-05-26 23:00:56 [http-nio-8080-exec-1] ERROR o.s.s.OpenApiGateway - [callMethod,115] - ÂÖ•ÂèÇËΩ¨Êç¢ÂºÇÂ∏∏
2022-05-26 23:00:56 [main] ERROR o.c.UserApiClient - [call,41] - ÂºÇÂ∏∏
openapi.sdk.common.model.BusinessException: Ë∞ÉÁî®openapiÂºÇÂ∏∏:ÂÖ•ÂèÇËΩ¨Êç¢ÂºÇÂ∏∏
	at openapi.client.sdk.OpenApiClient.doCall(OpenApiClient.java:130)
	at openapi.client.sdk.OpenApiClient.callOpenApi(OpenApiClient.java:67)
	at openapi.client.UserApiClient.call(UserApiClient.java:38)
	at openapi.client.ClientApplication.main(ClientApplication.java:22)
2022-05-26 23:01:56 [http-nio-8080-exec-3] ERROR o.s.s.OpenApiGateway - [getParam,217] - ÂÖ•ÂèÇËΩ¨Êç¢ÂºÇÂ∏∏
java.lang.InstantiationException: java.lang.Long
	at java.lang.Class.newInstance(Class.java:427)
	at openapi.server.sdk.OpenApiGateway.getParam(OpenApiGateway.java:189)
	at openapi.server.sdk.OpenApiGateway.callMethod(OpenApiGateway.java:110)
	at sun.reflect.NativeMethodAccessorImpl.invoke0(Native Method)
	at sun.reflect.NativeMethodAccessorImpl.invoke(NativeMethodAccessorImpl.java:62)
	at sun.reflect.DelegatingMethodAccessorImpl.invoke(DelegatingMethodAccessorImpl.java:43)
	at java.lang.reflect.Method.invoke(Method.java:498)
	at org.springframework.web.method.support.InvocableHandlerMethod.doInvoke(InvocableHandlerMethod.java:190)
	at org.springframework.web.method.support.InvocableHandlerMethod.invokeForRequest(InvocableHandlerMethod.java:138)
	at org.springframework.web.servlet.mvc.method.annotation.ServletInvocableHandlerMethod.invokeAndHandle(ServletInvocableHandlerMethod.java:105)
	at org.springframework.web.servlet.mvc.method.annotation.RequestMappingHandlerAdapter.invokeHandlerMethod(RequestMappingHandlerAdapter.java:878)
	at org.springframework.web.servlet.mvc.method.annotation.RequestMappingHandlerAdapter.handleInternal(RequestMappingHandlerAdapter.java:792)
	at org.springframework.web.servlet.mvc.method.AbstractHandlerMethodAdapter.handle(AbstractHandlerMethodAdapter.java:87)
	at org.springframework.web.servlet.DispatcherServlet.doDispatch(DispatcherServlet.java:1040)
	at org.springframework.web.servlet.DispatcherServlet.doService(DispatcherServlet.java:943)
	at org.springframework.web.servlet.FrameworkServlet.processRequest(FrameworkServlet.java:1006)
	at org.springframework.web.servlet.FrameworkServlet.doPost(FrameworkServlet.java:909)
	at javax.servlet.http.HttpServlet.service(HttpServlet.java:652)
	at org.springframework.web.servlet.FrameworkServlet.service(FrameworkServlet.java:883)
	at javax.servlet.http.HttpServlet.service(HttpServlet.java:733)
	at org.apache.catalina.core.ApplicationFilterChain.internalDoFilter(ApplicationFilterChain.java:227)
	at org.apache.catalina.core.ApplicationFilterChain.doFilter(ApplicationFilterChain.java:162)
	at org.apache.tomcat.websocket.server.WsFilter.doFilter(WsFilter.java:53)
	at org.apache.catalina.core.ApplicationFilterChain.internalDoFilter(ApplicationFilterChain.java:189)
	at org.apache.catalina.core.ApplicationFilterChain.doFilter(ApplicationFilterChain.java:162)
	at org.springframework.web.filter.RequestContextFilter.doFilterInternal(RequestContextFilter.java:100)
	at org.springframework.web.filter.OncePerRequestFilter.doFilter(OncePerRequestFilter.java:119)
	at org.apache.catalina.core.ApplicationFilterChain.internalDoFilter(ApplicationFilterChain.java:189)
	at org.apache.catalina.core.ApplicationFilterChain.doFilter(ApplicationFilterChain.java:162)
	at org.springframework.web.filter.FormContentFilter.doFilterInternal(FormContentFilter.java:93)
	at org.springframework.web.filter.OncePerRequestFilter.doFilter(OncePerRequestFilter.java:119)
	at org.apache.catalina.core.ApplicationFilterChain.internalDoFilter(ApplicationFilterChain.java:189)
	at org.apache.catalina.core.ApplicationFilterChain.doFilter(ApplicationFilterChain.java:162)
	at org.springframework.web.filter.CharacterEncodingFilter.doFilterInternal(CharacterEncodingFilter.java:201)
	at org.springframework.web.filter.OncePerRequestFilter.doFilter(OncePerRequestFilter.java:119)
	at org.apache.catalina.core.ApplicationFilterChain.internalDoFilter(ApplicationFilterChain.java:189)
	at org.apache.catalina.core.ApplicationFilterChain.doFilter(ApplicationFilterChain.java:162)
	at org.apache.catalina.core.StandardWrapperValve.invoke(StandardWrapperValve.java:202)
	at org.apache.catalina.core.StandardContextValve.invoke(StandardContextValve.java:97)
	at org.apache.catalina.authenticator.AuthenticatorBase.invoke(AuthenticatorBase.java:542)
	at org.apache.catalina.core.StandardHostValve.invoke(StandardHostValve.java:143)
	at org.apache.catalina.valves.ErrorReportValve.invoke(ErrorReportValve.java:92)
	at org.apache.catalina.core.StandardEngineValve.invoke(StandardEngineValve.java:78)
	at org.apache.catalina.connector.CoyoteAdapter.service(CoyoteAdapter.java:357)
	at org.apache.coyote.http11.Http11Processor.service(Http11Processor.java:374)
	at org.apache.coyote.AbstractProcessorLight.process(AbstractProcessorLight.java:65)
	at org.apache.coyote.AbstractProtocol$ConnectionHandler.process(AbstractProtocol.java:893)
	at org.apache.tomcat.util.net.NioEndpoint$SocketProcessor.doRun(NioEndpoint.java:1707)
	at org.apache.tomcat.util.net.SocketProcessorBase.run(SocketProcessorBase.java:49)
	at java.util.concurrent.ThreadPoolExecutor.runWorker(ThreadPoolExecutor.java:1149)
	at java.util.concurrent.ThreadPoolExecutor$Worker.run(ThreadPoolExecutor.java:624)
	at org.apache.tomcat.util.threads.TaskThread$WrappingRunnable.run(TaskThread.java:61)
	at java.lang.Thread.run(Thread.java:748)
Caused by: java.lang.NoSuchMethodException: java.lang.Long.<init>()
	at java.lang.Class.getConstructor0(Class.java:3082)
	at java.lang.Class.newInstance(Class.java:412)
	... 52 common frames omitted
2022-05-26 23:01:56 [http-nio-8080-exec-3] ERROR o.s.s.OpenApiGateway - [callMethod,115] - ÂÖ•ÂèÇËΩ¨Êç¢ÂºÇÂ∏∏
2022-05-26 23:01:56 [main] ERROR o.c.UserApiClient - [call,41] - ÂºÇÂ∏∏
openapi.sdk.common.model.BusinessException: Ë∞ÉÁî®openapiÂºÇÂ∏∏:ÂÖ•ÂèÇËΩ¨Êç¢ÂºÇÂ∏∏
	at openapi.client.sdk.OpenApiClient.doCall(OpenApiClient.java:130)
	at openapi.client.sdk.OpenApiClient.callOpenApi(OpenApiClient.java:67)
	at openapi.client.UserApiClient.call(UserApiClient.java:38)
	at openapi.client.ClientApplication.main(ClientApplication.java:22)
2022-05-26 23:19:06 [http-nio-8080-exec-3] ERROR o.s.s.OpenApiGateway - [getParam,190] - ÂÖ•ÂèÇËΩ¨Êç¢ÂºÇÂ∏∏
openapi.sdk.common.model.BusinessException: ÂÆû‰æãÂåñÂü∫Á°ÄÁ±ªÂûãÂºÇÂ∏∏
	at openapi.sdk.common.util.StrObjectConvert.strToObj(StrObjectConvert.java:26)
	at openapi.server.sdk.OpenApiGateway.getParam(OpenApiGateway.java:188)
	at openapi.server.sdk.OpenApiGateway.callMethod(OpenApiGateway.java:111)
	at sun.reflect.NativeMethodAccessorImpl.invoke0(Native Method)
	at sun.reflect.NativeMethodAccessorImpl.invoke(NativeMethodAccessorImpl.java:62)
	at sun.reflect.DelegatingMethodAccessorImpl.invoke(DelegatingMethodAccessorImpl.java:43)
	at java.lang.reflect.Method.invoke(Method.java:498)
	at org.springframework.web.method.support.InvocableHandlerMethod.doInvoke(InvocableHandlerMethod.java:190)
	at org.springframework.web.method.support.InvocableHandlerMethod.invokeForRequest(InvocableHandlerMethod.java:138)
	at org.springframework.web.servlet.mvc.method.annotation.ServletInvocableHandlerMethod.invokeAndHandle(ServletInvocableHandlerMethod.java:105)
	at org.springframework.web.servlet.mvc.method.annotation.RequestMappingHandlerAdapter.invokeHandlerMethod(RequestMappingHandlerAdapter.java:878)
	at org.springframework.web.servlet.mvc.method.annotation.RequestMappingHandlerAdapter.handleInternal(RequestMappingHandlerAdapter.java:792)
	at org.springframework.web.servlet.mvc.method.AbstractHandlerMethodAdapter.handle(AbstractHandlerMethodAdapter.java:87)
	at org.springframework.web.servlet.DispatcherServlet.doDispatch(DispatcherServlet.java:1040)
	at org.springframework.web.servlet.DispatcherServlet.doService(DispatcherServlet.java:943)
	at org.springframework.web.servlet.FrameworkServlet.processRequest(FrameworkServlet.java:1006)
	at org.springframework.web.servlet.FrameworkServlet.doPost(FrameworkServlet.java:909)
	at javax.servlet.http.HttpServlet.service(HttpServlet.java:652)
	at org.springframework.web.servlet.FrameworkServlet.service(FrameworkServlet.java:883)
	at javax.servlet.http.HttpServlet.service(HttpServlet.java:733)
	at org.apache.catalina.core.ApplicationFilterChain.internalDoFilter(ApplicationFilterChain.java:227)
	at org.apache.catalina.core.ApplicationFilterChain.doFilter(ApplicationFilterChain.java:162)
	at org.apache.tomcat.websocket.server.WsFilter.doFilter(WsFilter.java:53)
	at org.apache.catalina.core.ApplicationFilterChain.internalDoFilter(ApplicationFilterChain.java:189)
	at org.apache.catalina.core.ApplicationFilterChain.doFilter(ApplicationFilterChain.java:162)
	at org.springframework.web.filter.RequestContextFilter.doFilterInternal(RequestContextFilter.java:100)
	at org.springframework.web.filter.OncePerRequestFilter.doFilter(OncePerRequestFilter.java:119)
	at org.apache.catalina.core.ApplicationFilterChain.internalDoFilter(ApplicationFilterChain.java:189)
	at org.apache.catalina.core.ApplicationFilterChain.doFilter(ApplicationFilterChain.java:162)
	at org.springframework.web.filter.FormContentFilter.doFilterInternal(FormContentFilter.java:93)
	at org.springframework.web.filter.OncePerRequestFilter.doFilter(OncePerRequestFilter.java:119)
	at org.apache.catalina.core.ApplicationFilterChain.internalDoFilter(ApplicationFilterChain.java:189)
	at org.apache.catalina.core.ApplicationFilterChain.doFilter(ApplicationFilterChain.java:162)
	at org.springframework.web.filter.CharacterEncodingFilter.doFilterInternal(CharacterEncodingFilter.java:201)
	at org.springframework.web.filter.OncePerRequestFilter.doFilter(OncePerRequestFilter.java:119)
	at org.apache.catalina.core.ApplicationFilterChain.internalDoFilter(ApplicationFilterChain.java:189)
	at org.apache.catalina.core.ApplicationFilterChain.doFilter(ApplicationFilterChain.java:162)
	at org.apache.catalina.core.StandardWrapperValve.invoke(StandardWrapperValve.java:202)
	at org.apache.catalina.core.StandardContextValve.invoke(StandardContextValve.java:97)
	at org.apache.catalina.authenticator.AuthenticatorBase.invoke(AuthenticatorBase.java:542)
	at org.apache.catalina.core.StandardHostValve.invoke(StandardHostValve.java:143)
	at org.apache.catalina.valves.ErrorReportValve.invoke(ErrorReportValve.java:92)
	at org.apache.catalina.core.StandardEngineValve.invoke(StandardEngineValve.java:78)
	at org.apache.catalina.connector.CoyoteAdapter.service(CoyoteAdapter.java:357)
	at org.apache.coyote.http11.Http11Processor.service(Http11Processor.java:374)
	at org.apache.coyote.AbstractProcessorLight.process(AbstractProcessorLight.java:65)
	at org.apache.coyote.AbstractProtocol$ConnectionHandler.process(AbstractProtocol.java:893)
	at org.apache.tomcat.util.net.NioEndpoint$SocketProcessor.doRun(NioEndpoint.java:1707)
	at org.apache.tomcat.util.net.SocketProcessorBase.run(SocketProcessorBase.java:49)
	at java.util.concurrent.ThreadPoolExecutor.runWorker(ThreadPoolExecutor.java:1149)
	at java.util.concurrent.ThreadPoolExecutor$Worker.run(ThreadPoolExecutor.java:624)
	at org.apache.tomcat.util.threads.TaskThread$WrappingRunnable.run(TaskThread.java:61)
	at java.lang.Thread.run(Thread.java:748)
Caused by: java.lang.InstantiationException: java.lang.Long
	at java.lang.Class.newInstance(Class.java:427)
	at openapi.sdk.common.util.StrObjectConvert.strToObj(StrObjectConvert.java:24)
	... 52 common frames omitted
Caused by: java.lang.NoSuchMethodException: java.lang.Long.<init>()
	at java.lang.Class.getConstructor0(Class.java:3082)
	at java.lang.Class.newInstance(Class.java:412)
	... 53 common frames omitted
2022-05-26 23:19:06 [http-nio-8080-exec-3] ERROR o.s.s.OpenApiGateway - [callMethod,116] - ÂÖ•ÂèÇËΩ¨Êç¢ÂºÇÂ∏∏
2022-05-26 23:19:06 [main] ERROR o.c.UserApiClient - [call,41] - ÂºÇÂ∏∏
openapi.sdk.common.model.BusinessException: Ë∞ÉÁî®openapiÂºÇÂ∏∏:ÂÖ•ÂèÇËΩ¨Êç¢ÂºÇÂ∏∏
	at openapi.client.sdk.OpenApiClient.doCall(OpenApiClient.java:130)
	at openapi.client.sdk.OpenApiClient.callOpenApi(OpenApiClient.java:67)
	at openapi.client.UserApiClient.call(UserApiClient.java:38)
	at openapi.client.ClientApplication.main(ClientApplication.java:22)
2022-05-27 00:01:40 [http-nio-8080-exec-6] ERROR o.s.s.OpenApiGateway - [getParam,196] - ÂÖ•ÂèÇËΩ¨Êç¢ÂºÇÂ∏∏
cn.hutool.json.JSONException: A JSONObject text must begin with '{' at 1 [character 2 line 1]
	at cn.hutool.json.JSONTokener.syntaxError(JSONTokener.java:396)
	at cn.hutool.json.JSONObject.init(JSONObject.java:737)
	at cn.hutool.json.JSONObject.init(JSONObject.java:724)
	at cn.hutool.json.JSONObject.init(JSONObject.java:680)
	at cn.hutool.json.JSONObject.<init>(JSONObject.java:218)
	at cn.hutool.json.JSONObject.<init>(JSONObject.java:193)
	at cn.hutool.json.JSONObject.<init>(JSONObject.java:175)
	at cn.hutool.json.JSONObject.<init>(JSONObject.java:158)
	at cn.hutool.json.JSONUtil.parseObj(JSONUtil.java:89)
	at cn.hutool.json.JSONUtil.toBean(JSONUtil.java:425)
	at openapi.sdk.common.util.StrObjectConvert.strToObj(StrObjectConvert.java:46)
	at openapi.server.sdk.OpenApiGateway.getParam(OpenApiGateway.java:194)
	at openapi.server.sdk.OpenApiGateway.callMethod(OpenApiGateway.java:114)
	at sun.reflect.NativeMethodAccessorImpl.invoke0(Native Method)
	at sun.reflect.NativeMethodAccessorImpl.invoke(NativeMethodAccessorImpl.java:62)
	at sun.reflect.DelegatingMethodAccessorImpl.invoke(DelegatingMethodAccessorImpl.java:43)
	at java.lang.reflect.Method.invoke(Method.java:498)
	at org.springframework.web.method.support.InvocableHandlerMethod.doInvoke(InvocableHandlerMethod.java:190)
	at org.springframework.web.method.support.InvocableHandlerMethod.invokeForRequest(InvocableHandlerMethod.java:138)
	at org.springframework.web.servlet.mvc.method.annotation.ServletInvocableHandlerMethod.invokeAndHandle(ServletInvocableHandlerMethod.java:105)
	at org.springframework.web.servlet.mvc.method.annotation.RequestMappingHandlerAdapter.invokeHandlerMethod(RequestMappingHandlerAdapter.java:878)
	at org.springframework.web.servlet.mvc.method.annotation.RequestMappingHandlerAdapter.handleInternal(RequestMappingHandlerAdapter.java:792)
	at org.springframework.web.servlet.mvc.method.AbstractHandlerMethodAdapter.handle(AbstractHandlerMethodAdapter.java:87)
	at org.springframework.web.servlet.DispatcherServlet.doDispatch(DispatcherServlet.java:1040)
	at org.springframework.web.servlet.DispatcherServlet.doService(DispatcherServlet.java:943)
	at org.springframework.web.servlet.FrameworkServlet.processRequest(FrameworkServlet.java:1006)
	at org.springframework.web.servlet.FrameworkServlet.doPost(FrameworkServlet.java:909)
	at javax.servlet.http.HttpServlet.service(HttpServlet.java:652)
	at org.springframework.web.servlet.FrameworkServlet.service(FrameworkServlet.java:883)
	at javax.servlet.http.HttpServlet.service(HttpServlet.java:733)
	at org.apache.catalina.core.ApplicationFilterChain.internalDoFilter(ApplicationFilterChain.java:227)
	at org.apache.catalina.core.ApplicationFilterChain.doFilter(ApplicationFilterChain.java:162)
	at org.apache.tomcat.websocket.server.WsFilter.doFilter(WsFilter.java:53)
	at org.apache.catalina.core.ApplicationFilterChain.internalDoFilter(ApplicationFilterChain.java:189)
	at org.apache.catalina.core.ApplicationFilterChain.doFilter(ApplicationFilterChain.java:162)
	at org.springframework.web.filter.RequestContextFilter.doFilterInternal(RequestContextFilter.java:100)
	at org.springframework.web.filter.OncePerRequestFilter.doFilter(OncePerRequestFilter.java:119)
	at org.apache.catalina.core.ApplicationFilterChain.internalDoFilter(ApplicationFilterChain.java:189)
	at org.apache.catalina.core.ApplicationFilterChain.doFilter(ApplicationFilterChain.java:162)
	at org.springframework.web.filter.FormContentFilter.doFilterInternal(FormContentFilter.java:93)
	at org.springframework.web.filter.OncePerRequestFilter.doFilter(OncePerRequestFilter.java:119)
	at org.apache.catalina.core.ApplicationFilterChain.internalDoFilter(ApplicationFilterChain.java:189)
	at org.apache.catalina.core.ApplicationFilterChain.doFilter(ApplicationFilterChain.java:162)
	at org.springframework.web.filter.CharacterEncodingFilter.doFilterInternal(CharacterEncodingFilter.java:201)
	at org.springframework.web.filter.OncePerRequestFilter.doFilter(OncePerRequestFilter.java:119)
	at org.apache.catalina.core.ApplicationFilterChain.internalDoFilter(ApplicationFilterChain.java:189)
	at org.apache.catalina.core.ApplicationFilterChain.doFilter(ApplicationFilterChain.java:162)
	at org.apache.catalina.core.StandardWrapperValve.invoke(StandardWrapperValve.java:202)
	at org.apache.catalina.core.StandardContextValve.invoke(StandardContextValve.java:97)
	at org.apache.catalina.authenticator.AuthenticatorBase.invoke(AuthenticatorBase.java:542)
	at org.apache.catalina.core.StandardHostValve.invoke(StandardHostValve.java:143)
	at org.apache.catalina.valves.ErrorReportValve.invoke(ErrorReportValve.java:92)
	at org.apache.catalina.core.StandardEngineValve.invoke(StandardEngineValve.java:78)
	at org.apache.catalina.connector.CoyoteAdapter.service(CoyoteAdapter.java:357)
	at org.apache.coyote.http11.Http11Processor.service(Http11Processor.java:374)
	at org.apache.coyote.AbstractProcessorLight.process(AbstractProcessorLight.java:65)
	at org.apache.coyote.AbstractProtocol$ConnectionHandler.process(AbstractProtocol.java:893)
	at org.apache.tomcat.util.net.NioEndpoint$SocketProcessor.doRun(NioEndpoint.java:1707)
	at org.apache.tomcat.util.net.SocketProcessorBase.run(SocketProcessorBase.java:49)
	at java.util.concurrent.ThreadPoolExecutor.runWorker(ThreadPoolExecutor.java:1149)
	at java.util.concurrent.ThreadPoolExecutor$Worker.run(ThreadPoolExecutor.java:624)
	at org.apache.tomcat.util.threads.TaskThread$WrappingRunnable.run(TaskThread.java:61)
	at java.lang.Thread.run(Thread.java:748)
2022-05-27 00:01:40 [http-nio-8080-exec-6] ERROR o.s.s.OpenApiGateway - [callMethod,119] - ÂÖ•ÂèÇËΩ¨Êç¢ÂºÇÂ∏∏
2022-05-27 00:01:40 [main] ERROR o.c.o.UserApiClient - [listUsers,93] - ÂºÇÂ∏∏
openapi.sdk.common.model.BusinessException: Ë∞ÉÁî®openapiÂºÇÂ∏∏:ÂÖ•ÂèÇËΩ¨Êç¢ÂºÇÂ∏∏
	at openapi.client.sdk.OpenApiClient.doCall(OpenApiClient.java:133)
	at openapi.client.sdk.OpenApiClient.callOpenApi(OpenApiClient.java:67)
	at openapi.client.openapiclient.UserApiClient.listUsers(UserApiClient.java:90)
	at openapi.client.ClientApplication.main(ClientApplication.java:25)
2022-05-27 00:10:48 [http-nio-8080-exec-10] ERROR o.s.s.OpenApiGateway - [getParam,196] - ÂÖ•ÂèÇËΩ¨Êç¢ÂºÇÂ∏∏
cn.hutool.json.JSONException: A JSONObject text must begin with '{' at 1 [character 2 line 1]
	at cn.hutool.json.JSONTokener.syntaxError(JSONTokener.java:396)
	at cn.hutool.json.JSONObject.init(JSONObject.java:737)
	at cn.hutool.json.JSONObject.init(JSONObject.java:724)
	at cn.hutool.json.JSONObject.init(JSONObject.java:680)
	at cn.hutool.json.JSONObject.<init>(JSONObject.java:218)
	at cn.hutool.json.JSONObject.<init>(JSONObject.java:193)
	at cn.hutool.json.JSONObject.<init>(JSONObject.java:175)
	at cn.hutool.json.JSONObject.<init>(JSONObject.java:158)
	at cn.hutool.json.JSONUtil.parseObj(JSONUtil.java:89)
	at cn.hutool.json.JSONUtil.toBean(JSONUtil.java:425)
	at openapi.sdk.common.util.StrObjectConvert.strToObj(StrObjectConvert.java:46)
	at openapi.server.sdk.OpenApiGateway.getParam(OpenApiGateway.java:194)
	at openapi.server.sdk.OpenApiGateway.callMethod(OpenApiGateway.java:114)
	at sun.reflect.NativeMethodAccessorImpl.invoke0(Native Method)
	at sun.reflect.NativeMethodAccessorImpl.invoke(NativeMethodAccessorImpl.java:62)
	at sun.reflect.DelegatingMethodAccessorImpl.invoke(DelegatingMethodAccessorImpl.java:43)
	at java.lang.reflect.Method.invoke(Method.java:498)
	at org.springframework.web.method.support.InvocableHandlerMethod.doInvoke(InvocableHandlerMethod.java:190)
	at org.springframework.web.method.support.InvocableHandlerMethod.invokeForRequest(InvocableHandlerMethod.java:138)
	at org.springframework.web.servlet.mvc.method.annotation.ServletInvocableHandlerMethod.invokeAndHandle(ServletInvocableHandlerMethod.java:105)
	at org.springframework.web.servlet.mvc.method.annotation.RequestMappingHandlerAdapter.invokeHandlerMethod(RequestMappingHandlerAdapter.java:878)
	at org.springframework.web.servlet.mvc.method.annotation.RequestMappingHandlerAdapter.handleInternal(RequestMappingHandlerAdapter.java:792)
	at org.springframework.web.servlet.mvc.method.AbstractHandlerMethodAdapter.handle(AbstractHandlerMethodAdapter.java:87)
	at org.springframework.web.servlet.DispatcherServlet.doDispatch(DispatcherServlet.java:1040)
	at org.springframework.web.servlet.DispatcherServlet.doService(DispatcherServlet.java:943)
	at org.springframework.web.servlet.FrameworkServlet.processRequest(FrameworkServlet.java:1006)
	at org.springframework.web.servlet.FrameworkServlet.doPost(FrameworkServlet.java:909)
	at javax.servlet.http.HttpServlet.service(HttpServlet.java:652)
	at org.springframework.web.servlet.FrameworkServlet.service(FrameworkServlet.java:883)
	at javax.servlet.http.HttpServlet.service(HttpServlet.java:733)
	at org.apache.catalina.core.ApplicationFilterChain.internalDoFilter(ApplicationFilterChain.java:227)
	at org.apache.catalina.core.ApplicationFilterChain.doFilter(ApplicationFilterChain.java:162)
	at org.apache.tomcat.websocket.server.WsFilter.doFilter(WsFilter.java:53)
	at org.apache.catalina.core.ApplicationFilterChain.internalDoFilter(ApplicationFilterChain.java:189)
	at org.apache.catalina.core.ApplicationFilterChain.doFilter(ApplicationFilterChain.java:162)
	at org.springframework.web.filter.RequestContextFilter.doFilterInternal(RequestContextFilter.java:100)
	at org.springframework.web.filter.OncePerRequestFilter.doFilter(OncePerRequestFilter.java:119)
	at org.apache.catalina.core.ApplicationFilterChain.internalDoFilter(ApplicationFilterChain.java:189)
	at org.apache.catalina.core.ApplicationFilterChain.doFilter(ApplicationFilterChain.java:162)
	at org.springframework.web.filter.FormContentFilter.doFilterInternal(FormContentFilter.java:93)
	at org.springframework.web.filter.OncePerRequestFilter.doFilter(OncePerRequestFilter.java:119)
	at org.apache.catalina.core.ApplicationFilterChain.internalDoFilter(ApplicationFilterChain.java:189)
	at org.apache.catalina.core.ApplicationFilterChain.doFilter(ApplicationFilterChain.java:162)
	at org.springframework.web.filter.CharacterEncodingFilter.doFilterInternal(CharacterEncodingFilter.java:201)
	at org.springframework.web.filter.OncePerRequestFilter.doFilter(OncePerRequestFilter.java:119)
	at org.apache.catalina.core.ApplicationFilterChain.internalDoFilter(ApplicationFilterChain.java:189)
	at org.apache.catalina.core.ApplicationFilterChain.doFilter(ApplicationFilterChain.java:162)
	at org.apache.catalina.core.StandardWrapperValve.invoke(StandardWrapperValve.java:202)
	at org.apache.catalina.core.StandardContextValve.invoke(StandardContextValve.java:97)
	at org.apache.catalina.authenticator.AuthenticatorBase.invoke(AuthenticatorBase.java:542)
	at org.apache.catalina.core.StandardHostValve.invoke(StandardHostValve.java:143)
	at org.apache.catalina.valves.ErrorReportValve.invoke(ErrorReportValve.java:92)
	at org.apache.catalina.core.StandardEngineValve.invoke(StandardEngineValve.java:78)
	at org.apache.catalina.connector.CoyoteAdapter.service(CoyoteAdapter.java:357)
	at org.apache.coyote.http11.Http11Processor.service(Http11Processor.java:374)
	at org.apache.coyote.AbstractProcessorLight.process(AbstractProcessorLight.java:65)
	at org.apache.coyote.AbstractProtocol$ConnectionHandler.process(AbstractProtocol.java:893)
	at org.apache.tomcat.util.net.NioEndpoint$SocketProcessor.doRun(NioEndpoint.java:1707)
	at org.apache.tomcat.util.net.SocketProcessorBase.run(SocketProcessorBase.java:49)
	at java.util.concurrent.ThreadPoolExecutor.runWorker(ThreadPoolExecutor.java:1149)
	at java.util.concurrent.ThreadPoolExecutor$Worker.run(ThreadPoolExecutor.java:624)
	at org.apache.tomcat.util.threads.TaskThread$WrappingRunnable.run(TaskThread.java:61)
	at java.lang.Thread.run(Thread.java:748)
2022-05-27 00:10:48 [http-nio-8080-exec-10] ERROR o.s.s.OpenApiGateway - [callMethod,119] - ÂÖ•ÂèÇËΩ¨Êç¢ÂºÇÂ∏∏
2022-05-27 00:10:48 [main] ERROR o.c.o.UserApiClient - [listUsers,93] - ÂºÇÂ∏∏
openapi.sdk.common.model.BusinessException: Ë∞ÉÁî®openapiÂºÇÂ∏∏:ÂÖ•ÂèÇËΩ¨Êç¢ÂºÇÂ∏∏
	at openapi.client.sdk.OpenApiClient.doCall(OpenApiClient.java:133)
	at openapi.client.sdk.OpenApiClient.callOpenApi(OpenApiClient.java:67)
	at openapi.client.openapiclient.UserApiClient.listUsers(UserApiClient.java:90)
	at openapi.client.ClientApplication.main(ClientApplication.java:25)
2022-05-27 00:14:20 [http-nio-8080-exec-8] ERROR o.s.s.OpenApiGateway - [callMethod,119] - Êâæ‰∏çÂà∞ÊåáÂÆöÁöÑopeapiÂ§ÑÁêÜÂô®
2022-05-27 00:14:20 [main] ERROR o.c.o.UserApiClient - [listUsers2,115] - ÂºÇÂ∏∏
openapi.sdk.common.model.BusinessException: Ë∞ÉÁî®openapiÂºÇÂ∏∏:Êâæ‰∏çÂà∞ÊåáÂÆöÁöÑopeapiÂ§ÑÁêÜÂô®
	at openapi.client.sdk.OpenApiClient.doCall(OpenApiClient.java:133)
	at openapi.client.sdk.OpenApiClient.callOpenApi(OpenApiClient.java:67)
	at openapi.client.openapiclient.UserApiClient.listUsers2(UserApiClient.java:112)
	at openapi.client.ClientApplication.main(ClientApplication.java:26)
2022-05-27 00:15:02 [http-nio-8080-exec-1] ERROR o.s.s.OpenApiGateway - [callMethod,119] - Êâæ‰∏çÂà∞ÊåáÂÆöÁöÑopeapiÂ§ÑÁêÜÂô®
2022-05-27 00:15:02 [main] ERROR o.c.o.UserApiClient - [listUsers2,115] - ÂºÇÂ∏∏
openapi.sdk.common.model.BusinessException: Ë∞ÉÁî®openapiÂºÇÂ∏∏:Êâæ‰∏çÂà∞ÊåáÂÆöÁöÑopeapiÂ§ÑÁêÜÂô®
	at openapi.client.sdk.OpenApiClient.doCall(OpenApiClient.java:133)
	at openapi.client.sdk.OpenApiClient.callOpenApi(OpenApiClient.java:67)
	at openapi.client.openapiclient.UserApiClient.listUsers2(UserApiClient.java:112)
	at openapi.client.ClientApplication.main(ClientApplication.java:26)
2022-05-27 00:18:35 [http-nio-8080-exec-6] ERROR o.s.s.OpenApiGateway - [callMethod,119] - Êâæ‰∏çÂà∞ÊåáÂÆöÁöÑopeapiÂ§ÑÁêÜÂô®
2022-05-27 00:18:35 [main] ERROR o.c.o.UserApiClient - [listUsers2,115] - ÂºÇÂ∏∏
openapi.sdk.common.model.BusinessException: Ë∞ÉÁî®openapiÂºÇÂ∏∏:Êâæ‰∏çÂà∞ÊåáÂÆöÁöÑopeapiÂ§ÑÁêÜÂô®
	at openapi.client.sdk.OpenApiClient.doCall(OpenApiClient.java:133)
	at openapi.client.sdk.OpenApiClient.callOpenApi(OpenApiClient.java:67)
	at openapi.client.openapiclient.UserApiClient.listUsers2(UserApiClient.java:112)
	at openapi.client.ClientApplication.main(ClientApplication.java:26)
2022-05-27 00:21:22 [http-nio-8080-exec-2] ERROR o.s.s.OpenApiGateway - [doCall,221] - Ë∞ÉÁî®opeapiÂ§ÑÁêÜÂô®ÂºÇÂ∏∏
java.lang.IllegalArgumentException: argument type mismatch
	at sun.reflect.NativeMethodAccessorImpl.invoke0(Native Method)
	at sun.reflect.NativeMethodAccessorImpl.invoke(NativeMethodAccessorImpl.java:62)
	at sun.reflect.DelegatingMethodAccessorImpl.invoke(DelegatingMethodAccessorImpl.java:43)
	at java.lang.reflect.Method.invoke(Method.java:498)
	at openapi.server.sdk.OpenApiGateway.doCall(OpenApiGateway.java:213)
	at openapi.server.sdk.OpenApiGateway.callMethod(OpenApiGateway.java:117)
	at sun.reflect.NativeMethodAccessorImpl.invoke0(Native Method)
	at sun.reflect.NativeMethodAccessorImpl.invoke(NativeMethodAccessorImpl.java:62)
	at sun.reflect.DelegatingMethodAccessorImpl.invoke(DelegatingMethodAccessorImpl.java:43)
	at java.lang.reflect.Method.invoke(Method.java:498)
	at org.springframework.web.method.support.InvocableHandlerMethod.doInvoke(InvocableHandlerMethod.java:190)
	at org.springframework.web.method.support.InvocableHandlerMethod.invokeForRequest(InvocableHandlerMethod.java:138)
	at org.springframework.web.servlet.mvc.method.annotation.ServletInvocableHandlerMethod.invokeAndHandle(ServletInvocableHandlerMethod.java:105)
	at org.springframework.web.servlet.mvc.method.annotation.RequestMappingHandlerAdapter.invokeHandlerMethod(RequestMappingHandlerAdapter.java:878)
	at org.springframework.web.servlet.mvc.method.annotation.RequestMappingHandlerAdapter.handleInternal(RequestMappingHandlerAdapter.java:792)
	at org.springframework.web.servlet.mvc.method.AbstractHandlerMethodAdapter.handle(AbstractHandlerMethodAdapter.java:87)
	at org.springframework.web.servlet.DispatcherServlet.doDispatch(DispatcherServlet.java:1040)
	at org.springframework.web.servlet.DispatcherServlet.doService(DispatcherServlet.java:943)
	at org.springframework.web.servlet.FrameworkServlet.processRequest(FrameworkServlet.java:1006)
	at org.springframework.web.servlet.FrameworkServlet.doPost(FrameworkServlet.java:909)
	at javax.servlet.http.HttpServlet.service(HttpServlet.java:652)
	at org.springframework.web.servlet.FrameworkServlet.service(FrameworkServlet.java:883)
	at javax.servlet.http.HttpServlet.service(HttpServlet.java:733)
	at org.apache.catalina.core.ApplicationFilterChain.internalDoFilter(ApplicationFilterChain.java:227)
	at org.apache.catalina.core.ApplicationFilterChain.doFilter(ApplicationFilterChain.java:162)
	at org.apache.tomcat.websocket.server.WsFilter.doFilter(WsFilter.java:53)
	at org.apache.catalina.core.ApplicationFilterChain.internalDoFilter(ApplicationFilterChain.java:189)
	at org.apache.catalina.core.ApplicationFilterChain.doFilter(ApplicationFilterChain.java:162)
	at org.springframework.web.filter.RequestContextFilter.doFilterInternal(RequestContextFilter.java:100)
	at org.springframework.web.filter.OncePerRequestFilter.doFilter(OncePerRequestFilter.java:119)
	at org.apache.catalina.core.ApplicationFilterChain.internalDoFilter(ApplicationFilterChain.java:189)
	at org.apache.catalina.core.ApplicationFilterChain.doFilter(ApplicationFilterChain.java:162)
	at org.springframework.web.filter.FormContentFilter.doFilterInternal(FormContentFilter.java:93)
	at org.springframework.web.filter.OncePerRequestFilter.doFilter(OncePerRequestFilter.java:119)
	at org.apache.catalina.core.ApplicationFilterChain.internalDoFilter(ApplicationFilterChain.java:189)
	at org.apache.catalina.core.ApplicationFilterChain.doFilter(ApplicationFilterChain.java:162)
	at org.springframework.web.filter.CharacterEncodingFilter.doFilterInternal(CharacterEncodingFilter.java:201)
	at org.springframework.web.filter.OncePerRequestFilter.doFilter(OncePerRequestFilter.java:119)
	at org.apache.catalina.core.ApplicationFilterChain.internalDoFilter(ApplicationFilterChain.java:189)
	at org.apache.catalina.core.ApplicationFilterChain.doFilter(ApplicationFilterChain.java:162)
	at org.apache.catalina.core.StandardWrapperValve.invoke(StandardWrapperValve.java:202)
	at org.apache.catalina.core.StandardContextValve.invoke(StandardContextValve.java:97)
	at org.apache.catalina.authenticator.AuthenticatorBase.invoke(AuthenticatorBase.java:542)
	at org.apache.catalina.core.StandardHostValve.invoke(StandardHostValve.java:143)
	at org.apache.catalina.valves.ErrorReportValve.invoke(ErrorReportValve.java:92)
	at org.apache.catalina.core.StandardEngineValve.invoke(StandardEngineValve.java:78)
	at org.apache.catalina.connector.CoyoteAdapter.service(CoyoteAdapter.java:357)
	at org.apache.coyote.http11.Http11Processor.service(Http11Processor.java:374)
	at org.apache.coyote.AbstractProcessorLight.process(AbstractProcessorLight.java:65)
	at org.apache.coyote.AbstractProtocol$ConnectionHandler.process(AbstractProtocol.java:893)
	at org.apache.tomcat.util.net.NioEndpoint$SocketProcessor.doRun(NioEndpoint.java:1707)
	at org.apache.tomcat.util.net.SocketProcessorBase.run(SocketProcessorBase.java:49)
	at java.util.concurrent.ThreadPoolExecutor.runWorker(ThreadPoolExecutor.java:1149)
	at java.util.concurrent.ThreadPoolExecutor$Worker.run(ThreadPoolExecutor.java:624)
	at org.apache.tomcat.util.threads.TaskThread$WrappingRunnable.run(TaskThread.java:61)
	at java.lang.Thread.run(Thread.java:748)
2022-05-27 00:21:25 [http-nio-8080-exec-2] ERROR o.s.s.OpenApiGateway - [callMethod,119] - Ë∞ÉÁî®opeapiÂ§ÑÁêÜÂô®ÂºÇÂ∏∏
2022-05-27 00:21:25 [main] ERROR o.c.o.UserApiClient - [listUsers2,115] - ÂºÇÂ∏∏
openapi.sdk.common.model.BusinessException: Ë∞ÉÁî®openapiÂºÇÂ∏∏:Ë∞ÉÁî®opeapiÂ§ÑÁêÜÂô®ÂºÇÂ∏∏
	at openapi.client.sdk.OpenApiClient.doCall(OpenApiClient.java:133)
	at openapi.client.sdk.OpenApiClient.callOpenApi(OpenApiClient.java:67)
	at openapi.client.openapiclient.UserApiClient.listUsers2(UserApiClient.java:112)
	at openapi.client.ClientApplication.main(ClientApplication.java:26)
2022-05-27 00:33:43 [http-nio-8080-exec-4] ERROR o.s.s.OpenApiGateway - [getParam,196] - ÂÖ•ÂèÇËΩ¨Êç¢ÂºÇÂ∏∏
openapi.sdk.common.model.BusinessException: ‰∏çÊîØÊåÅÊï∞ÁªÑÁ±ªÂûãÁöÑÂèÇÊï∞
	at openapi.sdk.common.util.StrObjectConvert.strToObj(StrObjectConvert.java:46)
	at openapi.server.sdk.OpenApiGateway.getParam(OpenApiGateway.java:194)
	at openapi.server.sdk.OpenApiGateway.callMethod(OpenApiGateway.java:114)
	at sun.reflect.NativeMethodAccessorImpl.invoke0(Native Method)
	at sun.reflect.NativeMethodAccessorImpl.invoke(NativeMethodAccessorImpl.java:62)
	at sun.reflect.DelegatingMethodAccessorImpl.invoke(DelegatingMethodAccessorImpl.java:43)
	at java.lang.reflect.Method.invoke(Method.java:498)
	at org.springframework.web.method.support.InvocableHandlerMethod.doInvoke(InvocableHandlerMethod.java:190)
	at org.springframework.web.method.support.InvocableHandlerMethod.invokeForRequest(InvocableHandlerMethod.java:138)
	at org.springframework.web.servlet.mvc.method.annotation.ServletInvocableHandlerMethod.invokeAndHandle(ServletInvocableHandlerMethod.java:105)
	at org.springframework.web.servlet.mvc.method.annotation.RequestMappingHandlerAdapter.invokeHandlerMethod(RequestMappingHandlerAdapter.java:878)
	at org.springframework.web.servlet.mvc.method.annotation.RequestMappingHandlerAdapter.handleInternal(RequestMappingHandlerAdapter.java:792)
	at org.springframework.web.servlet.mvc.method.AbstractHandlerMethodAdapter.handle(AbstractHandlerMethodAdapter.java:87)
	at org.springframework.web.servlet.DispatcherServlet.doDispatch(DispatcherServlet.java:1040)
	at org.springframework.web.servlet.DispatcherServlet.doService(DispatcherServlet.java:943)
	at org.springframework.web.servlet.FrameworkServlet.processRequest(FrameworkServlet.java:1006)
	at org.springframework.web.servlet.FrameworkServlet.doPost(FrameworkServlet.java:909)
	at javax.servlet.http.HttpServlet.service(HttpServlet.java:652)
	at org.springframework.web.servlet.FrameworkServlet.service(FrameworkServlet.java:883)
	at javax.servlet.http.HttpServlet.service(HttpServlet.java:733)
	at org.apache.catalina.core.ApplicationFilterChain.internalDoFilter(ApplicationFilterChain.java:227)
	at org.apache.catalina.core.ApplicationFilterChain.doFilter(ApplicationFilterChain.java:162)
	at org.apache.tomcat.websocket.server.WsFilter.doFilter(WsFilter.java:53)
	at org.apache.catalina.core.ApplicationFilterChain.internalDoFilter(ApplicationFilterChain.java:189)
	at org.apache.catalina.core.ApplicationFilterChain.doFilter(ApplicationFilterChain.java:162)
	at org.springframework.web.filter.RequestContextFilter.doFilterInternal(RequestContextFilter.java:100)
	at org.springframework.web.filter.OncePerRequestFilter.doFilter(OncePerRequestFilter.java:119)
	at org.apache.catalina.core.ApplicationFilterChain.internalDoFilter(ApplicationFilterChain.java:189)
	at org.apache.catalina.core.ApplicationFilterChain.doFilter(ApplicationFilterChain.java:162)
	at org.springframework.web.filter.FormContentFilter.doFilterInternal(FormContentFilter.java:93)
	at org.springframework.web.filter.OncePerRequestFilter.doFilter(OncePerRequestFilter.java:119)
	at org.apache.catalina.core.ApplicationFilterChain.internalDoFilter(ApplicationFilterChain.java:189)
	at org.apache.catalina.core.ApplicationFilterChain.doFilter(ApplicationFilterChain.java:162)
	at org.springframework.web.filter.CharacterEncodingFilter.doFilterInternal(CharacterEncodingFilter.java:201)
	at org.springframework.web.filter.OncePerRequestFilter.doFilter(OncePerRequestFilter.java:119)
	at org.apache.catalina.core.ApplicationFilterChain.internalDoFilter(ApplicationFilterChain.java:189)
	at org.apache.catalina.core.ApplicationFilterChain.doFilter(ApplicationFilterChain.java:162)
	at org.apache.catalina.core.StandardWrapperValve.invoke(StandardWrapperValve.java:202)
	at org.apache.catalina.core.StandardContextValve.invoke(StandardContextValve.java:97)
	at org.apache.catalina.authenticator.AuthenticatorBase.invoke(AuthenticatorBase.java:542)
	at org.apache.catalina.core.StandardHostValve.invoke(StandardHostValve.java:143)
	at org.apache.catalina.valves.ErrorReportValve.invoke(ErrorReportValve.java:92)
	at org.apache.catalina.core.StandardEngineValve.invoke(StandardEngineValve.java:78)
	at org.apache.catalina.connector.CoyoteAdapter.service(CoyoteAdapter.java:357)
	at org.apache.coyote.http11.Http11Processor.service(Http11Processor.java:374)
	at org.apache.coyote.AbstractProcessorLight.process(AbstractProcessorLight.java:65)
	at org.apache.coyote.AbstractProtocol$ConnectionHandler.process(AbstractProtocol.java:893)
	at org.apache.tomcat.util.net.NioEndpoint$SocketProcessor.doRun(NioEndpoint.java:1707)
	at org.apache.tomcat.util.net.SocketProcessorBase.run(SocketProcessorBase.java:49)
	at java.util.concurrent.ThreadPoolExecutor.runWorker(ThreadPoolExecutor.java:1149)
	at java.util.concurrent.ThreadPoolExecutor$Worker.run(ThreadPoolExecutor.java:624)
	at org.apache.tomcat.util.threads.TaskThread$WrappingRunnable.run(TaskThread.java:61)
	at java.lang.Thread.run(Thread.java:748)
2022-05-27 00:33:43 [http-nio-8080-exec-4] ERROR o.s.s.OpenApiGateway - [callMethod,119] - ÂÖ•ÂèÇËΩ¨Êç¢ÂºÇÂ∏∏
2022-05-27 00:33:43 [main] ERROR o.c.o.UserApiClient - [listUsers2,115] - ÂºÇÂ∏∏
openapi.sdk.common.model.BusinessException: Ë∞ÉÁî®openapiÂºÇÂ∏∏:ÂÖ•ÂèÇËΩ¨Êç¢ÂºÇÂ∏∏
	at openapi.client.sdk.OpenApiClient.doCall(OpenApiClient.java:133)
	at openapi.client.sdk.OpenApiClient.callOpenApi(OpenApiClient.java:67)
	at openapi.client.openapiclient.UserApiClient.listUsers2(UserApiClient.java:112)
	at openapi.client.ClientApplication.main(ClientApplication.java:26)
